[*] Fetching https://humulos.com/digimon/vbdm/ex/
[*] Found 11 dim card(s)
[*] Found 181 unique digimon — fetching details & assets...
  [  1/181] Botamon
  [  2/181] Koromon
  [  3/181] Agumon
  [  4/181] Greymon
  [  5/181] Coelamon
  [  6/181] Ogremon
  [  7/181] Algomon (Adult)
  [  8/181] Metal Greymon (Vaccine)
  [  9/181] Andromon
  [ 10/181] Anomalocarimon
  [ 11/181] Mamemon
  [ 12/181] Neo Devimon
  [ 13/181] Metal Tyranomon
  [ 14/181] Blitz Greymon
  [ 15/181] Done Devimon
  [ 16/181] War Greymon
  [ 17/181] Punimon
  [ 18/181] Tsunomon
  [ 19/181] Gabumon
  [ 20/181] Garurumon
  [ 21/181] Gorimon
  [ 22/181] Dokugumon
  [ 23/181] Were Garurumon
  [ 24/181] Parrotmon
  [ 25/181] Valvemon
  [ 26/181] Big Mamemon
  [ 27/181] Orochimon
  [ 28/181] Waru Seadramon
  [ 29/181] Cres Garurumon
  [ 30/181] Nidhoggmon
  [ 31/181] Metal Garurumon
  [ 32/181] Jyarimon
  [ 33/181] Gigimon
  [ 34/181] Guilmon
  [ 35/181] Siesamon
  [ 36/181] Growmon (Orange)
  [ 37/181] Growmon
  [ 38/181] Devidramon
  [ 39/181] Vajramon
  [ 40/181] Majiramon
  [ 41/181] Mihiramon
  [ 42/181] Megalo Growmon (Orange)
  [ 43/181] Megalo Growmon
  [ 44/181] Sandiramon
  [ 45/181] Dukemon
  [ 46/181] Dukemon X
  [ 47/181] Megidramon
  [ 48/181] Dukemon: Crimson Mode
  [ 49/181] Zerimon
  [ 50/181] Gummymon
  [ 51/181] Terriermon
  [ 52/181] Galgomon
  [ 53/181] Turuiemon
  [ 54/181] Harpymon
  [ 55/181] Wendimon
  [ 56/181] Rapidmon
  [ 57/181] Sinduramon
  [ 58/181] Makuramon
  [ 59/181] Andiramon (Deva)
  [ 60/181] Pajiramon
  [ 61/181] Andiramon
  [ 62/181] Saint Galgomon
  [ 63/181] Cherubimon (Virtue)
  [ 64/181] Cherubimon (Vice)
  [ 65/181] Rapidmon (Armor)
  [ 66/181] Relemon
  [ 67/181] Pokomon
  [ 68/181] Renamon
  [ 69/181] Kyubimon
  [ 70/181] Youkomon
  [ 71/181] Ice Devimon
  [ 72/181] Lynxmon
  [ 73/181] Kumbhiramon
  [ 74/181] Vikaralamon
  [ 75/181] Taomon
  [ 76/181] Doumon
  [ 77/181] Caturamon
  [ 78/181] Indaramon
  [ 79/181] Sakuyamon
  [ 80/181] Kuzuhamon: Miko Mode
  [ 81/181] Parasimon
  [ 82/181] Sakuyamon X
  [ 83/181] Mokumon
  [ 84/181] Peti Meramon
  [ 85/181] Flamon
  [ 86/181] Gottsumon
  [ 87/181] Agnimon
  [ 88/181] Meramon
  [ 89/181] Starmon
  [ 90/181] Grottemon
  [ 91/181] Aldamon
  [ 92/181] Vritramon
  [ 93/181] Super Starmon
  [ 94/181] Gigasmon
  [ 95/181] Dark Super Starmon
  [ 96/181] Kaiser Greymon
  [ 97/181] Ancient Greymon
  [ 98/181] Ancient Volcamon
  [ 99/181] Yuramon
  [100/181] Tanemon
  [101/181] Tinkermon
  [102/181] Pomumon
  [103/181] Fairimon
  [104/181] Cockatrimon
  [105/181] Arbormon
  [106/181] Zassoumon
  [107/181] Jet Silphymon
  [108/181] Shutumon
  [109/181] Petaldramon
  [110/181] Peacockmon
  [111/181] Zamielmon
  [112/181] Ancient Irismon
  [113/181] Lotusmon
  [114/181] Ancient Troiamon
  [115/181] Lord Knightmon
  [116/181] Yukimibotamon
  [117/181] Hiyarimon
  [118/181] Bearmon
  [119/181] Snow Goblimon
  [120/181] Chackmon
  [121/181] Gryzmon
  [122/181] Icemon
  [123/181] Mojyamon
  [124/181] Daipenmon
  [125/181] Blizzarmon
  [126/181] Panjyamon X
  [127/181] Nanomon
  [128/181] Astamon
  [129/181] Olegmon
  [130/181] Fros Velgrmon
  [131/181] Ancient Megatheriumon
  [132/181] Dynasmon
  [133/181] Wanyamon
  [134/181] Strabimon
  [135/181] Gizamon
  [136/181] Wolfmon
  [137/181] Dobermon
  [138/181] Ranamon
  [139/181] Ebidramon
  [140/181] Beowolfmon
  [141/181] Garummon
  [142/181] Calamaramon
  [143/181] Sirenmon
  [144/181] Splashmon
  [145/181] Magna Garurumon
  [146/181] Ancient Garurumon
  [147/181] Ancient Mermaimon
  [148/181] Choromon
  [149/181] Caprimon
  [150/181] Kokabuterimon
  [151/181] Kokuwamon
  [152/181] Blitzmon
  [153/181] Thunderballmon
  [154/181] Mercuremon
  [155/181] Blade Kuwagamon
  [156/181] Rhino Kabuterimon
  [157/181] Bolgmon
  [158/181] Sephirothmon
  [159/181] Metallife Kuwagamon
  [160/181] Wisemon
  [161/181] Ancient Beatmon
  [162/181] Grandis Kuwagamon
  [163/181] Ancient Wisemon
  [164/181] Murmukusmon
  [165/181] Popomon
  [166/181] Frimon
  [167/181] Liollmon
  [168/181] Gazimon
  [169/181] Louwemon
  [170/181] Liamon
  [171/181] Duskmon
  [172/181] Mad Leomon
  [173/181] Raihimon
  [174/181] Kaiser Leomon
  [175/181] Loader Leomon
  [176/181] Velgrmon
  [177/181] Skull Satamon
  [178/181] Lucemon: Falldown Mode
  [179/181] Deathmon
  [180/181] Dinotigermon
  [181/181] Ancient Sphinxmon

[✓] Output written to ./ex/
    data.json   — 11 dims, 181 digimon
    11 dim folder(s)
      Agnimon_EX                       16 digimon  (32 frames + 16 artwork + 16 details.json)
      Agumon_EX                        16 digimon  (32 frames + 16 artwork + 16 details.json)
      Blitzmon_EX                      17 digimon  (34 frames + 17 artwork + 17 details.json)
      Chackmon_EX                      17 digimon  (34 frames + 17 artwork + 17 details.json)
      Fairimon_EX                      17 digimon  (34 frames + 17 artwork + 17 details.json)
      Gabumon_EX                       16 digimon  (32 frames + 16 artwork + 16 details.json)
      Guilmon_EX                       17 digimon  (34 frames + 17 artwork + 17 details.json)
      Louwemon_EX                      17 digimon  (34 frames + 17 artwork + 17 details.json)
      Renamon_EX                       17 digimon  (34 frames + 17 artwork + 17 details.json)
      Terriermon_EX                    17 digimon  (34 frames + 17 artwork + 17 details.json)
      Wolfmon_EX                       16 digimon  (32 frames + 16 artwork + 16 details.json)
