[*] Fetching https://humulos.com/digimon/vbbe/seekers/
[*] Endpoint: unified (device=14)
[*] Found 4 dim card(s)
[*] Found 88 unique digimon — fetching details & assets...
  [  1/88] Fusamon
  [  2/88] Bowmon
  [  3/88] Loogamon
  [  4/88] Herissmon
  [  5/88] Bemmon
  [  6/88] Loogarmon
  [  7/88] Filmon
  [  8/88] Tyranomon
  [  9/88] Damemon
  [ 10/88] Snatchmon
  [ 11/88] Soloogarmon
  [ 12/88] Stiffilmon
  [ 13/88] Helloogarmon
  [ 14/88] Andromon
  [ 15/88] Master Tyranomon
  [ 16/88] Destromon
  [ 17/88] Fenriloogamon
  [ 18/88] Rasenmon
  [ 19/88] Rasenmon: Fury Mode
  [ 20/88] Hi Andromon
  [ 21/88] Rust Tyranomon
  [ 22/88] Ragnamon
  [ 23/88] Fufumon
  [ 24/88] Kyokyomon
  [ 25/88] Ryudamon
  [ 26/88] Commandramon
  [ 27/88] Ginryumon
  [ 28/88] Hi-Commandramon
  [ 29/88] Deltamon
  [ 30/88] Numemon
  [ 31/88] Sealsdramon
  [ 32/88] Hisyaryumon
  [ 33/88] Cargodramon
  [ 34/88] Orochimon
  [ 35/88] Monzaemon
  [ 36/88] Etemon
  [ 37/88] Tankdramon
  [ 38/88] Ouryumon
  [ 39/88] Brigadramon
  [ 40/88] Nidhoggmon
  [ 41/88] Shin Monzaemon
  [ 42/88] King Etemon
  [ 43/88] Metal Etemon
  [ 44/88] Darkdramon
  [ 45/88] Dodomon
  [ 46/88] Dorimon
  [ 47/88] DORUmon
  [ 48/88] Agumon (Black)
  [ 49/88] DORUgamon
  [ 50/88] Death-X-Dorugamon
  [ 51/88] Dark Tyranomon
  [ 52/88] Airdramon
  [ 53/88] Raptordramon
  [ 54/88] DORUguremon
  [ 55/88] Death-X-Doruguremon
  [ 56/88] Metal Tyranomon
  [ 57/88] Megadramon
  [ 58/88] Gigadramon
  [ 59/88] Grademon
  [ 60/88] DORUgoramon
  [ 61/88] Death-X-Dorugoramon
  [ 62/88] Chaosdramon
  [ 63/88] Metal Seadramon
  [ 64/88] Mugendramon
  [ 65/88] Gundramon
  [ 66/88] Alphamon
  [ 67/88] Dokimon
  [ 68/88] Bibimon
  [ 69/88] Pulsemon
  [ 70/88] Kudamon
  [ 71/88] Shoutmon
  [ 72/88] Bulkmon
  [ 73/88] Reppamon
  [ 74/88] Thunderballmon
  [ 75/88] Blade Kuwagamon
  [ 76/88] Shoutmon X4
  [ 77/88] Boutmon
  [ 78/88] Tyilinmon
  [ 79/88] Giromon
  [ 80/88] Kyukimon
  [ 81/88] Metallife Kuwagamon
  [ 82/88] Omega Shoutmon
  [ 83/88] Kazuchimon
  [ 84/88] Mitamamon
  [ 85/88] Raijinmon
  [ 86/88] Raidenmon
  [ 87/88] Shoutmon DX
  [ 88/88] Shoutmon X7

[✓] Output written to ./seekers/
    data.json   — 4 dims, 88 digimon
    4 dim folder(s)
      DORUmon                          22 digimon  (44 frames + 22 artwork + 22 details.json)
      Loogamon                         22 digimon  (44 frames + 22 artwork + 22 details.json)
      Pulsemon                         22 digimon  (44 frames + 22 artwork + 22 details.json)
      Ryudamon                         22 digimon  (44 frames + 22 artwork + 22 details.json)
