[*] Fetching https://humulos.com/digimon/vbbe/
[*] Endpoint: unified (device=14)
[*] Found 5 dim card(s)
[*] Found 111 unique digimon — fetching details & assets...
  [  1/111] Curimon
  [  2/111] Gurimon
  [  3/111] Gammamon
  [  4/111] Bokomon
  [  5/111] Koemon
  [  6/111] Betel Gammamon
  [  7/111] Kaus Gammamon
  [  8/111] Wezen Gammamon
  [  9/111] Gulus Gammamon
  [ 10/111] Sealsdramon
  [ 11/111] Canoweissmon
  [ 12/111] Fumamon
  [ 13/111] Ghilliedhumon
  [ 14/111] Bombermon
  [ 15/111] Zanmetsumon
  [ 16/111] Regulusmon
  [ 17/111] Vamdemon
  [ 18/111] Siriusmon
  [ 19/111] Cannondramon
  [ 20/111] Spinomon
  [ 21/111] Kuzuhamon
  [ 22/111] Arcturusmon
  [ 23/111] Botamon
  [ 24/111] Dokimon
  [ 25/111] Koromon
  [ 26/111] Bibimon
  [ 27/111] Agumon
  [ 28/111] Betamon
  [ 29/111] Pulsemon
  [ 30/111] Greymon
  [ 31/111] Airdramon
  [ 32/111] Tyranomon
  [ 33/111] Seadramon
  [ 34/111] Meramon
  [ 35/111] Devimon
  [ 36/111] Numemon
  [ 37/111] Bulkmon
  [ 38/111] Metal Greymon (Virus)
  [ 39/111] Mamemon
  [ 40/111] Monzaemon
  [ 41/111] Boutmon
  [ 42/111] Blitz Greymon
  [ 43/111] Bancho Mamemon
  [ 44/111] Shin Monzaemon
  [ 45/111] Kazuchimon
  [ 46/111] Petitmon
  [ 47/111] Babydmon
  [ 48/111] Agumon (2006)
  [ 49/111] Dracomon
  [ 50/111] Hackmon
  [ 51/111] Gumdramon
  [ 52/111] Geo Greymon
  [ 53/111] Coredramon (Blue)
  [ 54/111] Bao Hackmon
  [ 55/111] Coredramon (Green)
  [ 56/111] Arresterdramon
  [ 57/111] Rize Greymon
  [ 58/111] Wingdramon
  [ 59/111] Savior Hackmon
  [ 60/111] Groundramon
  [ 61/111] Arresterdramon: Superior Mode
  [ 62/111] Shine Greymon
  [ 63/111] Slayerdramon
  [ 64/111] Jesmon
  [ 65/111] Breakdramon
  [ 66/111] Shine Greymon: Burst Mode
  [ 67/111] Magna Kidmon
  [ 68/111] Botamon
  [ 69/111] Wanyamon
  [ 70/111] Gaomon
  [ 71/111] Coronamon
  [ 72/111] Lunamon
  [ 73/111] Phascomon
  [ 74/111] Gaogamon
  [ 75/111] Firamon
  [ 76/111] Lekismon
  [ 77/111] Leomon
  [ 78/111] Mad Leomon
  [ 79/111] Mach Gaogamon
  [ 80/111] Flaremon
  [ 81/111] Crescemon
  [ 82/111] Grappu Leomon
  [ 83/111] Astamon
  [ 84/111] Mirage Gaogamon
  [ 85/111] Apollomon
  [ 86/111] Dianamon
  [ 87/111] Heavy Leomon
  [ 88/111] Mirage Gaogamon: Burst Mode
  [ 89/111] Belphemon: Rage Mode
  [ 90/111] Fusamon
  [ 91/111] Bowmon
  [ 92/111] Loogamon
  [ 93/111] Herissmon
  [ 94/111] Bemmon
  [ 95/111] Loogarmon
  [ 96/111] Filmon
  [ 97/111] Tyranomon
  [ 98/111] Damemon
  [ 99/111] Snatchmon
  [100/111] Soloogarmon
  [101/111] Stiffilmon
  [102/111] Helloogarmon
  [103/111] Andromon
  [104/111] Master Tyranomon
  [105/111] Destromon
  [106/111] Fenriloogamon
  [107/111] Rasenmon
  [108/111] Rasenmon: Fury Mode
  [109/111] Hi Andromon
  [110/111] Rust Tyranomon
  [111/111] Ragnamon

[✓] Output written to ./special_edition/
    data.json   — 5 dims, 111 digimon
    5 dim folder(s)
      25th_Anniversary                 23 digimon  (46 frames + 23 artwork + 23 details.json)
      Draconic_Blaze                   22 digimon  (44 frames + 22 artwork + 22 details.json)
      Gammamon                         22 digimon  (44 frames + 22 artwork + 22 details.json)
      Loogamon                         22 digimon  (44 frames + 22 artwork + 22 details.json)
      Rampage_of_the_Beast             22 digimon  (44 frames + 22 artwork + 22 details.json)
