[*] Fetching https://humulos.com/digimon/vbdm/v/
[*] Found 5 dim card(s)
[*] Found 74 unique digimon — fetching details & assets...
  [  1/74] Curimon
  [  2/74] Gurimon
  [  3/74] Gammamon
  [  4/74] Betel Gammamon
  [  5/74] Kaus Gammamon
  [  6/74] Wezen Gammamon
  [  7/74] Gulus Gammamon
  [  8/74] Canoweissmon
  [  9/74] Brachiomon
  [ 10/74] Chimairamon
  [ 11/74] Tankdramon
  [ 12/74] Aegisdramon
  [ 13/74] Ultimate Brachiomon
  [ 14/74] Chaosdramon
  [ 15/74] Pyonmon
  [ 16/74] Bosamon
  [ 17/74] Angoramon
  [ 18/74] Symbare Angoramon
  [ 19/74] Leomon
  [ 20/74] Komondomon
  [ 21/74] Porcupamon
  [ 22/74] Lamortmon
  [ 23/74] Grappu Leomon
  [ 24/74] Skull Baluchimon
  [ 25/74] Waru Monzaemon
  [ 26/74] Anubimon
  [ 27/74] Saber Leomon
  [ 28/74] Griffomon
  [ 29/74] Puyomon
  [ 30/74] Puyoyomon
  [ 31/74] Jellymon
  [ 32/74] Rukamon
  [ 33/74] Tesla Jellymon
  [ 34/74] Gesomon
  [ 35/74] Manbomon
  [ 36/74] Whamon
  [ 37/74] Thetismon
  [ 38/74] Hangyomon
  [ 39/74] Marin Devimon
  [ 40/74] Marin Angemon
  [ 41/74] Ancient Mermaimon
  [ 42/74] Pukumon
  [ 43/74] Cotsucomon
  [ 44/74] Kakkinmon
  [ 45/74] Ludomon
  [ 46/74] Espimon
  [ 47/74] Tia Ludomon
  [ 48/74] Hover Espimon
  [ 49/74] Reppamon
  [ 50/74] Black Tailmon Uver.
  [ 51/74] Raiji Ludomon
  [ 52/74] Digitamamon
  [ 53/74] Piccolomon
  [ 54/74] Rare Raremon
  [ 55/74] Manticoremon
  [ 56/74] Bryweludramon
  [ 57/74] Deathmon (Black)
  [ 58/74] Devitamamon
  [ 59/74] Sakumon
  [ 60/74] Sakuttomon
  [ 61/74] Zubamon
  [ 62/74] Ryudamon
  [ 63/74] Zubaeagermon
  [ 64/74] Ginryumon
  [ 65/74] Musyamon
  [ 66/74] Dokugumon
  [ 67/74] Duramon
  [ 68/74] Hisyaryumon
  [ 69/74] Asuramon
  [ 70/74] Gyukimon
  [ 71/74] Oboromon
  [ 72/74] Durandamon
  [ 73/74] Ouryumon
  [ 74/74] Zanbamon

[✓] Output written to ./v/
    data.json   — 5 dims, 74 digimon
    5 dim folder(s)
      Angoramon                        14 digimon  (28 frames + 14 artwork + 14 details.json)
      Espimon                          16 digimon  (32 frames + 16 artwork + 16 details.json)
      Gammamon                         14 digimon  (28 frames + 14 artwork + 14 details.json)
      Jellymon                         14 digimon  (28 frames + 14 artwork + 14 details.json)
      Ryudamon                         16 digimon  (32 frames + 16 artwork + 16 details.json)
