[*] Fetching https://humulos.com/digimon/vbdm/vol
[*] Found 8 dim card(s)
[*] Found 135 unique digimon — fetching details & assets...
  [  1/135] Mokumon
  [  2/135] Peti Meramon
  [  3/135] Vorvomon
  [  4/135] Birdramon
  [  5/135] Meramon
  [  6/135] Tyranomon
  [  7/135] Lavorvomon
  [  8/135] Master Tyranomon
  [  9/135] Flaremon
  [ 10/135] Death Meramon
  [ 11/135] Volcamon
  [ 12/135] Lavogaritamon
  [ 13/135] Groundramon
  [ 14/135] Marsmon
  [ 15/135] Cannondramon
  [ 16/135] Volcanicdramon
  [ 17/135] Ancient Volcamon
  [ 18/135] Yukimibotamon
  [ 19/135] Hiyarimon
  [ 20/135] Blucomon
  [ 21/135] Yukidarumon
  [ 22/135] Paledramon
  [ 23/135] Hyougamon
  [ 24/135] Moosemon
  [ 25/135] Mammon
  [ 26/135] Panjyamon
  [ 27/135] Crys Paledramon
  [ 28/135] Crescemon
  [ 29/135] Frozomon
  [ 30/135] Daipenmon
  [ 31/135] Skull Mammon
  [ 32/135] Hexeblaumon
  [ 33/135] Fros Velgrmon
  [ 34/135] Ancient Megatheriumon
  [ 35/135] Pitchmon
  [ 36/135] Pukamon
  [ 37/135] Sangomon
  [ 38/135] Tobiumon
  [ 39/135] Seadramon
  [ 40/135] Shellmon
  [ 41/135] Octmon
  [ 42/135] Gusokumon
  [ 43/135] Marin Chimairamon
  [ 44/135] Mermaimon
  [ 45/135] Mega Seadramon
  [ 46/135] Piranimon
  [ 47/135] Dagomon
  [ 48/135] Neptunemon
  [ 49/135] Metal Seadramon
  [ 50/135] Regalecusmon
  [ 51/135] Plesiomon
  [ 52/135] Sunamon
  [ 53/135] Goromon
  [ 54/135] Sunarizamon
  [ 55/135] Tortamon
  [ 56/135] Togemon
  [ 57/135] Golemon
  [ 58/135] Digmon
  [ 59/135] Gogmamon
  [ 60/135] Jyagamon
  [ 61/135] Triceramon
  [ 62/135] Scorpiomon
  [ 63/135] Vulturemon
  [ 64/135] Mummymon
  [ 65/135] Blastmon
  [ 66/135] Dinorexmon
  [ 67/135] Pharaohmon
  [ 68/135] Ancient Sphinxmon
  [ 69/135] Yuramon
  [ 70/135] Tanemon
  [ 71/135] Palmon
  [ 72/135] Snimon
  [ 73/135] Sunflowmon
  [ 74/135] Parasaurmon
  [ 75/135] Vegimon
  [ 76/135] Ajatarmon
  [ 77/135] Jewelbeemon
  [ 78/135] Lilimon
  [ 79/135] Blossomon
  [ 80/135] Toropiamon
  [ 81/135] Arachnemon
  [ 82/135] Bloom Lordmon
  [ 83/135] Rafflesimon
  [ 84/135] Spinomon
  [ 85/135] Hydramon
  [ 86/135] Bommon
  [ 87/135] Missimon
  [ 88/135] Hagurumon
  [ 89/135] Machmon
  [ 90/135] Ballistamon
  [ 91/135] Mail Birdramon
  [ 92/135] Raremon
  [ 93/135] Loader Leomon
  [ 94/135] Atlur Ballistamon
  [ 95/135] Metal Mamemon
  [ 96/135] Locomon
  [ 97/135] Rebellimon
  [ 98/135] Metal Greymon (2010)
  [ 99/135] Heavy Leomon
  [100/135] Grand Locomon
  [101/135] Zeke Greymon
  [102/135] Mugendramon
  [103/135] Botamon
  [104/135] Koromon
  [105/135] Agumon (Black)
  [106/135] Greymon
  [107/135] Monochromon
  [108/135] Greymon (Blue)
  [109/135] Dark Tyranomon
  [110/135] Metal Greymon: Alterous Mode
  [111/135] Ex-Tyranomon
  [112/135] Vermillimon
  [113/135] Mametyramon
  [114/135] Metal Greymon (Virus)
  [115/135] Skull Greymon
  [116/135] Victory Greymon
  [117/135] Black War Greymon
  [118/135] Gaioumon
  [119/135] Omegamon Zwart
  [120/135] Punimon
  [121/135] Tsunomon
  [122/135] Gabumon (Black)
  [123/135] Garurumon
  [124/135] Drimogemon
  [125/135] Dorulumon
  [126/135] Garurumon (Black)
  [127/135] Were Garurumon: Saggitarius Mode
  [128/135] Cerberumon
  [129/135] Rhinomon
  [130/135] Pandamon
  [131/135] Were Garurumon (Black)
  [132/135] Jaeger Dorulumon
  [133/135] Z'd Garurumon
  [134/135] Metal Garurumon (Black)
  [135/135] Mercurymon

[✓] Output written to ./vol/
    data.json   — 8 dims, 135 digimon
    8 dim folder(s)
      Blizzard_Fang                    17 digimon  (34 frames + 17 artwork + 17 details.json)
      Hermit_in_the_Jungle             17 digimon  (34 frames + 17 artwork + 17 details.json)
      Infinite_Tide                    17 digimon  (34 frames + 17 artwork + 17 details.json)
      Mad_Black_Roar                   17 digimon  (34 frames + 17 artwork + 17 details.json)
      Nu_Metal_Empire                  17 digimon  (34 frames + 17 artwork + 17 details.json)
      Titan_of_Dust                    17 digimon  (34 frames + 17 artwork + 17 details.json)
      True_Shadow_Howl                 17 digimon  (34 frames + 17 artwork + 17 details.json)
      Volcanic_Beat                    17 digimon  (34 frames + 17 artwork + 17 details.json)
